[ 2018-04-04T11:09:33+08:00 ] ::1 /czkadmin/
INFO: [ app_init ] --START--
INFO: Run Behavior\BuildLiteBehavior [ RunTime:0.000034s ]
INFO: [ app_init ] --END-- [ RunTime:0.001775s ]
INFO: [ app_begin ] --START--
INFO: Run Behavior\ReadHtmlCacheBehavior [ RunTime:0.000811s ]
INFO: [ app_begin ] --END-- [ RunTime:0.000898s ]
INFO: [ view_parse ] --START--
INFO: [ template_filter ] --START--
INFO: Run Behavior\ContentReplaceBehavior [ RunTime:0.000075s ]
INFO: [ template_filter ] --END-- [ RunTime:0.000143s ]
INFO: Run Behavior\ParseTemplateBehavior [ RunTime:0.032800s ]
INFO: [ view_parse ] --END-- [ RunTime:0.032935s ]
INFO: [ view_filter ] --START--
INFO: Run Behavior\WriteHtmlCacheBehavior [ RunTime:0.000868s ]
INFO: [ view_filter ] --END-- [ RunTime:0.001117s ]
INFO: [ app_end ] --START--
INFO: Run Behavior\ShowPageTraceBehavior [ RunTime:0.001858s ]
INFO: [ app_end ] --END-- [ RunTime:0.002056s ]

[ 2018-04-04T14:31:02+08:00 ] ::1 /czkadmin/
INFO: [ app_init ] --START--
INFO: Run Behavior\BuildLiteBehavior [ RunTime:0.000027s ]
INFO: [ app_init ] --END-- [ RunTime:0.002018s ]
INFO: [ app_begin ] --START--
INFO: Run Behavior\ReadHtmlCacheBehavior [ RunTime:0.001976s ]
INFO: [ app_begin ] --END-- [ RunTime:0.002130s ]
INFO: [ view_parse ] --START--
INFO: [ template_filter ] --START--
INFO: Run Behavior\ContentReplaceBehavior [ RunTime:0.000074s ]
INFO: [ template_filter ] --END-- [ RunTime:0.000147s ]
INFO: Run Behavior\ParseTemplateBehavior [ RunTime:0.031568s ]
INFO: [ view_parse ] --END-- [ RunTime:0.031647s ]
INFO: [ view_filter ] --START--
INFO: Run Behavior\WriteHtmlCacheBehavior [ RunTime:0.000472s ]
INFO: [ view_filter ] --END-- [ RunTime:0.000526s ]
INFO: [ app_end ] --START--
INFO: Run Behavior\ShowPageTraceBehavior [ RunTime:0.002163s ]
INFO: [ app_end ] --END-- [ RunTime:0.002332s ]

[ 2018-04-04T14:31:03+08:00 ] ::1 /czkadmin/index.php/Home/Imageprocess/index.html
INFO: [ app_init ] --START--
INFO: Run Behavior\BuildLiteBehavior [ RunTime:0.000018s ]
INFO: [ app_init ] --END-- [ RunTime:0.000417s ]
INFO: [ app_begin ] --START--
INFO: Run Behavior\ReadHtmlCacheBehavior [ RunTime:0.000481s ]
INFO: [ app_begin ] --END-- [ RunTime:0.000563s ]
INFO: [ view_parse ] --START--
INFO: [ template_filter ] --START--
INFO: Run Behavior\ContentReplaceBehavior [ RunTime:0.000122s ]
INFO: [ template_filter ] --END-- [ RunTime:0.000312s ]
INFO: Run Behavior\ParseTemplateBehavior [ RunTime:0.024345s ]
INFO: [ view_parse ] --END-- [ RunTime:0.024468s ]
INFO: [ view_filter ] --START--
INFO: Run Behavior\WriteHtmlCacheBehavior [ RunTime:0.000158s ]
INFO: [ view_filter ] --END-- [ RunTime:0.000205s ]
INFO: [ app_end ] --START--
INFO: Run Behavior\ShowPageTraceBehavior [ RunTime:0.000599s ]
INFO: [ app_end ] --END-- [ RunTime:0.000673s ]

[ 2018-04-04T15:36:38+08:00 ] ::1 /czkadmin/index.php/Home/Imageprocess/index.html
INFO: [ app_init ] --START--
INFO: Run Behavior\BuildLiteBehavior [ RunTime:0.000021s ]
INFO: [ app_init ] --END-- [ RunTime:0.001922s ]
INFO: [ app_begin ] --START--
INFO: Run Behavior\ReadHtmlCacheBehavior [ RunTime:0.002224s ]
INFO: [ app_begin ] --END-- [ RunTime:0.002450s ]
INFO: [ view_parse ] --START--
INFO: [ template_filter ] --START--
INFO: Run Behavior\ContentReplaceBehavior [ RunTime:0.000232s ]
INFO: [ template_filter ] --END-- [ RunTime:0.000340s ]
INFO: Run Behavior\ParseTemplateBehavior [ RunTime:0.027862s ]
INFO: [ view_parse ] --END-- [ RunTime:0.027983s ]
INFO: [ view_filter ] --START--
INFO: Run Behavior\WriteHtmlCacheBehavior [ RunTime:0.001476s ]
INFO: [ view_filter ] --END-- [ RunTime:0.001580s ]
INFO: [ app_end ] --START--
INFO: Run Behavior\ShowPageTraceBehavior [ RunTime:0.002273s ]
INFO: [ app_end ] --END-- [ RunTime:0.002392s ]

[ 2018-04-04T15:36:40+08:00 ] ::1 /czkadmin/index.php/Home/Imageprocess/dishIdentify.html
INFO: [ app_init ] --START--
INFO: Run Behavior\BuildLiteBehavior [ RunTime:0.000013s ]
INFO: [ app_init ] --END-- [ RunTime:0.000318s ]
INFO: [ app_begin ] --START--
INFO: Run Behavior\ReadHtmlCacheBehavior [ RunTime:0.000661s ]
INFO: [ app_begin ] --END-- [ RunTime:0.000764s ]

[ 2018-04-04T15:38:10+08:00 ] ::1 /czkadmin/index.php/Home/Imageprocess/dishIdentify.html
INFO: [ app_init ] --START--
INFO: Run Behavior\BuildLiteBehavior [ RunTime:0.000029s ]
INFO: [ app_init ] --END-- [ RunTime:0.002511s ]
INFO: [ app_begin ] --START--
INFO: Run Behavior\ReadHtmlCacheBehavior [ RunTime:0.002254s ]
INFO: [ app_begin ] --END-- [ RunTime:0.002398s ]

[ 2018-04-04T15:38:56+08:00 ] ::1 /czkadmin/index.php/Home/Imageprocess/dishIdentify.html
INFO: [ app_init ] --START--
INFO: Run Behavior\BuildLiteBehavior [ RunTime:0.000029s ]
INFO: [ app_init ] --END-- [ RunTime:0.002001s ]
INFO: [ app_begin ] --START--
INFO: Run Behavior\ReadHtmlCacheBehavior [ RunTime:0.002226s ]
INFO: [ app_begin ] --END-- [ RunTime:0.002390s ]

[ 2018-04-04T15:38:57+08:00 ] ::1 /czkadmin/index.php/Home/Imageprocess/dishIdentify.html
INFO: [ app_init ] --START--
INFO: Run Behavior\BuildLiteBehavior [ RunTime:0.000014s ]
INFO: [ app_init ] --END-- [ RunTime:0.000480s ]
INFO: [ app_begin ] --START--
INFO: Run Behavior\ReadHtmlCacheBehavior [ RunTime:0.000662s ]
INFO: [ app_begin ] --END-- [ RunTime:0.000762s ]

[ 2018-04-04T15:44:02+08:00 ] ::1 /czkadmin/
INFO: [ app_init ] --START--
INFO: Run Behavior\BuildLiteBehavior [ RunTime:0.000034s ]
INFO: [ app_init ] --END-- [ RunTime:0.002379s ]
INFO: [ app_begin ] --START--
INFO: Run Behavior\ReadHtmlCacheBehavior [ RunTime:0.002368s ]
INFO: [ app_begin ] --END-- [ RunTime:0.002546s ]
INFO: [ view_parse ] --START--
INFO: [ template_filter ] --START--
INFO: Run Behavior\ContentReplaceBehavior [ RunTime:0.000212s ]
INFO: [ template_filter ] --END-- [ RunTime:0.000284s ]
INFO: Run Behavior\ParseTemplateBehavior [ RunTime:0.049886s ]
INFO: [ view_parse ] --END-- [ RunTime:0.050028s ]
INFO: [ view_filter ] --START--
INFO: Run Behavior\WriteHtmlCacheBehavior [ RunTime:0.001436s ]
INFO: [ view_filter ] --END-- [ RunTime:0.001510s ]
INFO: [ app_end ] --START--
INFO: Run Behavior\ShowPageTraceBehavior [ RunTime:0.002083s ]
INFO: [ app_end ] --END-- [ RunTime:0.002197s ]

[ 2018-04-04T15:44:04+08:00 ] ::1 /czkadmin/index.php/Home/Imageprocess/index.html
INFO: [ app_init ] --START--
INFO: Run Behavior\BuildLiteBehavior [ RunTime:0.000016s ]
INFO: [ app_init ] --END-- [ RunTime:0.000351s ]
INFO: [ app_begin ] --START--
INFO: Run Behavior\ReadHtmlCacheBehavior [ RunTime:0.000410s ]
INFO: [ app_begin ] --END-- [ RunTime:0.000464s ]
INFO: [ view_parse ] --START--
INFO: [ template_filter ] --START--
INFO: Run Behavior\ContentReplaceBehavior [ RunTime:0.000080s ]
INFO: [ template_filter ] --END-- [ RunTime:0.000176s ]
INFO: Run Behavior\ParseTemplateBehavior [ RunTime:0.018071s ]
INFO: [ view_parse ] --END-- [ RunTime:0.018183s ]
INFO: [ view_filter ] --START--
INFO: Run Behavior\WriteHtmlCacheBehavior [ RunTime:0.000261s ]
INFO: [ view_filter ] --END-- [ RunTime:0.000415s ]
INFO: [ app_end ] --START--
INFO: Run Behavior\ShowPageTraceBehavior [ RunTime:0.001378s ]
INFO: [ app_end ] --END-- [ RunTime:0.001536s ]

[ 2018-04-04T15:44:05+08:00 ] ::1 /czkadmin/index.php/Home/Imageprocess/dishIdentify.html
INFO: [ app_init ] --START--
INFO: Run Behavior\BuildLiteBehavior [ RunTime:0.000014s ]
INFO: [ app_init ] --END-- [ RunTime:0.000350s ]
INFO: [ app_begin ] --START--
INFO: Run Behavior\ReadHtmlCacheBehavior [ RunTime:0.000557s ]
INFO: [ app_begin ] --END-- [ RunTime:0.000638s ]

[ 2018-04-04T15:50:37+08:00 ] ::1 /czkadmin/index.php/Home/Imageprocess/dishIdentify.html
INFO: [ app_init ] --START--
INFO: Run Behavior\BuildLiteBehavior [ RunTime:0.000028s ]
INFO: [ app_init ] --END-- [ RunTime:0.002008s ]
INFO: [ app_begin ] --START--
INFO: Run Behavior\ReadHtmlCacheBehavior [ RunTime:0.002164s ]
INFO: [ app_begin ] --END-- [ RunTime:0.002299s ]

[ 2018-04-04T15:50:49+08:00 ] ::1 /czkadmin/index.php/Home/Imageprocess/dishIdentify.html
INFO: [ app_init ] --START--
INFO: Run Behavior\BuildLiteBehavior [ RunTime:0.000013s ]
INFO: [ app_init ] --END-- [ RunTime:0.000502s ]
INFO: [ app_begin ] --START--
INFO: Run Behavior\ReadHtmlCacheBehavior [ RunTime:0.001534s ]
INFO: [ app_begin ] --END-- [ RunTime:0.001774s ]

[ 2018-04-04T15:51:18+08:00 ] ::1 /czkadmin/index.php/Home/Imageprocess/dishIdentify.html
INFO: [ app_init ] --START--
INFO: Run Behavior\BuildLiteBehavior [ RunTime:0.000030s ]
INFO: [ app_init ] --END-- [ RunTime:0.002320s ]
INFO: [ app_begin ] --START--
INFO: Run Behavior\ReadHtmlCacheBehavior [ RunTime:0.001915s ]
INFO: [ app_begin ] --END-- [ RunTime:0.002048s ]

[ 2018-04-04T15:51:18+08:00 ] ::1 /czkadmin/index.php/Home/Imageprocess/dishIdentify.html
INFO: [ app_init ] --START--
INFO: Run Behavior\BuildLiteBehavior [ RunTime:0.000015s ]
INFO: [ app_init ] --END-- [ RunTime:0.000475s ]
INFO: [ app_begin ] --START--
INFO: Run Behavior\ReadHtmlCacheBehavior [ RunTime:0.000560s ]
INFO: [ app_begin ] --END-- [ RunTime:0.000637s ]

[ 2018-04-04T15:52:28+08:00 ] ::1 /czkadmin/index.php/Home/Imageprocess/dishIdentify.html
INFO: [ app_init ] --START--
INFO: Run Behavior\BuildLiteBehavior [ RunTime:0.000029s ]
INFO: [ app_init ] --END-- [ RunTime:0.001913s ]
INFO: [ app_begin ] --START--
INFO: Run Behavior\ReadHtmlCacheBehavior [ RunTime:0.001859s ]
INFO: [ app_begin ] --END-- [ RunTime:0.002074s ]

[ 2018-04-04T15:52:29+08:00 ] ::1 /czkadmin/index.php/Home/Imageprocess/dishIdentify.html
INFO: [ app_init ] --START--
INFO: Run Behavior\BuildLiteBehavior [ RunTime:0.000015s ]
INFO: [ app_init ] --END-- [ RunTime:0.000456s ]
INFO: [ app_begin ] --START--
INFO: Run Behavior\ReadHtmlCacheBehavior [ RunTime:0.001220s ]
INFO: [ app_begin ] --END-- [ RunTime:0.001329s ]

[ 2018-04-04T15:53:25+08:00 ] ::1 /czkadmin/index.php/Home/Imageprocess/index.html
INFO: [ app_init ] --START--
INFO: Run Behavior\BuildLiteBehavior [ RunTime:0.000015s ]
INFO: [ app_init ] --END-- [ RunTime:0.000333s ]
INFO: [ app_begin ] --START--
INFO: Run Behavior\ReadHtmlCacheBehavior [ RunTime:0.000504s ]
INFO: [ app_begin ] --END-- [ RunTime:0.000571s ]
INFO: [ view_parse ] --START--
INFO: [ template_filter ] --START--
INFO: Run Behavior\ContentReplaceBehavior [ RunTime:0.000290s ]
INFO: [ template_filter ] --END-- [ RunTime:0.000487s ]
INFO: Run Behavior\ParseTemplateBehavior [ RunTime:0.025560s ]
INFO: [ view_parse ] --END-- [ RunTime:0.025711s ]
INFO: [ view_filter ] --START--
INFO: Run Behavior\WriteHtmlCacheBehavior [ RunTime:0.000631s ]
INFO: [ view_filter ] --END-- [ RunTime:0.000735s ]
INFO: [ app_end ] --START--
INFO: Run Behavior\ShowPageTraceBehavior [ RunTime:0.002023s ]
INFO: [ app_end ] --END-- [ RunTime:0.002139s ]

[ 2018-04-04T15:53:25+08:00 ] ::1 /czkadmin/index.php/Home/Imageprocess/dishIdentify.html
INFO: [ app_init ] --START--
INFO: Run Behavior\BuildLiteBehavior [ RunTime:0.000020s ]
INFO: [ app_init ] --END-- [ RunTime:0.000465s ]
INFO: [ app_begin ] --START--
INFO: Run Behavior\ReadHtmlCacheBehavior [ RunTime:0.000569s ]
INFO: [ app_begin ] --END-- [ RunTime:0.000645s ]

[ 2018-04-04T15:53:43+08:00 ] ::1 /czkadmin/index.php/Home/Imageprocess/dishIdentify.html
INFO: [ app_init ] --START--
INFO: Run Behavior\BuildLiteBehavior [ RunTime:0.000016s ]
INFO: [ app_init ] --END-- [ RunTime:0.000350s ]
INFO: [ app_begin ] --START--
INFO: Run Behavior\ReadHtmlCacheBehavior [ RunTime:0.000432s ]
INFO: [ app_begin ] --END-- [ RunTime:0.000498s ]

[ 2018-04-04T15:53:51+08:00 ] ::1 /czkadmin/index.php/Home/Imageprocess/dishIdentify.html
INFO: [ app_init ] --START--
INFO: Run Behavior\BuildLiteBehavior [ RunTime:0.000014s ]
INFO: [ app_init ] --END-- [ RunTime:0.000312s ]
INFO: [ app_begin ] --START--
INFO: Run Behavior\ReadHtmlCacheBehavior [ RunTime:0.000394s ]
INFO: [ app_begin ] --END-- [ RunTime:0.000447s ]

[ 2018-04-04T15:54:37+08:00 ] ::1 /czkadmin/index.php/Home/Imageprocess/dishIdentify.html
INFO: [ app_init ] --START--
INFO: Run Behavior\BuildLiteBehavior [ RunTime:0.000029s ]
INFO: [ app_init ] --END-- [ RunTime:0.001836s ]
INFO: [ app_begin ] --START--
INFO: Run Behavior\ReadHtmlCacheBehavior [ RunTime:0.002368s ]
INFO: [ app_begin ] --END-- [ RunTime:0.002525s ]

[ 2018-04-04T15:55:29+08:00 ] ::1 /czkadmin/index.php/Home/Imageprocess/dishIdentify.html
INFO: [ app_init ] --START--
INFO: Run Behavior\BuildLiteBehavior [ RunTime:0.000016s ]
INFO: [ app_init ] --END-- [ RunTime:0.000337s ]
INFO: [ app_begin ] --START--
INFO: Run Behavior\ReadHtmlCacheBehavior [ RunTime:0.000471s ]
INFO: [ app_begin ] --END-- [ RunTime:0.000535s ]

[ 2018-04-04T15:55:43+08:00 ] ::1 /czkadmin/index.php/Home/Imageprocess/dishIdentify.html
INFO: [ app_init ] --START--
INFO: Run Behavior\BuildLiteBehavior [ RunTime:0.000014s ]
INFO: [ app_init ] --END-- [ RunTime:0.000313s ]
INFO: [ app_begin ] --START--
INFO: Run Behavior\ReadHtmlCacheBehavior [ RunTime:0.000870s ]
INFO: [ app_begin ] --END-- [ RunTime:0.001017s ]

[ 2018-04-04T15:56:07+08:00 ] ::1 /czkadmin/index.php/Home/Imageprocess/dishIdentify.html
INFO: [ app_init ] --START--
INFO: Run Behavior\BuildLiteBehavior [ RunTime:0.000013s ]
INFO: [ app_init ] --END-- [ RunTime:0.000314s ]
INFO: [ app_begin ] --START--
INFO: Run Behavior\ReadHtmlCacheBehavior [ RunTime:0.000439s ]
INFO: [ app_begin ] --END-- [ RunTime:0.000497s ]

[ 2018-04-04T15:58:02+08:00 ] ::1 /czkadmin/index.php/Home/Imageprocess/dishIdentify.html
INFO: [ app_init ] --START--
INFO: Run Behavior\BuildLiteBehavior [ RunTime:0.000023s ]
INFO: [ app_init ] --END-- [ RunTime:0.001671s ]
INFO: [ app_begin ] --START--
INFO: Run Behavior\ReadHtmlCacheBehavior [ RunTime:0.000940s ]
INFO: [ app_begin ] --END-- [ RunTime:0.001033s ]

[ 2018-04-04T15:59:43+08:00 ] ::1 /czkadmin/index.php/Home/Imageprocess/dishIdentify.html
INFO: [ app_init ] --START--
INFO: Run Behavior\BuildLiteBehavior [ RunTime:0.000077s ]
INFO: [ app_init ] --END-- [ RunTime:0.000386s ]
INFO: [ app_begin ] --START--
INFO: Run Behavior\ReadHtmlCacheBehavior [ RunTime:0.000405s ]
INFO: [ app_begin ] --END-- [ RunTime:0.000480s ]

[ 2018-04-04T16:11:31+08:00 ] ::1 /czkadmin/index.php/Home/Imageprocess/dishIdentify.html
INFO: [ app_init ] --START--
INFO: Run Behavior\BuildLiteBehavior [ RunTime:0.000029s ]
INFO: [ app_init ] --END-- [ RunTime:0.002257s ]
INFO: [ app_begin ] --START--
INFO: Run Behavior\ReadHtmlCacheBehavior [ RunTime:0.002173s ]
INFO: [ app_begin ] --END-- [ RunTime:0.002313s ]
NOTIC: [2] file_get_contents(example.jpg): failed to open stream: No such file or directory /Applications/MAMP/htdocs/czkadmin/Application/Home/Controller/ImageprocessController.class.php 第 21 行.
NOTIC: [2] file_get_contents(/Applications/MAMP/htdocs/czkadmin/ThinkPHP/Library/Vendor/baiduApi/lib/ee7956f2ed4270f1d5b7d00d4a273a93): failed to open stream: No such file or directory /Applications/MAMP/htdocs/czkadmin/ThinkPHP/Library/Vendor/baiduApi/lib/AipBase.php 第 272 行.
NOTIC: [2] file_get_contents(/Applications/MAMP/htdocs/czkadmin/ThinkPHP/Library/Vendor/baiduApi/lib/ee7956f2ed4270f1d5b7d00d4a273a93): failed to open stream: No such file or directory /Applications/MAMP/htdocs/czkadmin/ThinkPHP/Library/Vendor/baiduApi/lib/AipBase.php 第 272 行.
INFO: [ view_parse ] --START--
INFO: [ template_filter ] --START--
INFO: Run Behavior\ContentReplaceBehavior [ RunTime:0.000164s ]
INFO: [ template_filter ] --END-- [ RunTime:0.000233s ]
INFO: Run Behavior\ParseTemplateBehavior [ RunTime:0.023820s ]
INFO: [ view_parse ] --END-- [ RunTime:0.023921s ]
INFO: [ view_filter ] --START--
INFO: Run Behavior\WriteHtmlCacheBehavior [ RunTime:0.000786s ]
INFO: [ view_filter ] --END-- [ RunTime:0.000865s ]
INFO: [ app_end ] --START--
INFO: Run Behavior\ShowPageTraceBehavior [ RunTime:0.001834s ]
INFO: [ app_end ] --END-- [ RunTime:0.001919s ]

[ 2018-04-04T16:11:40+08:00 ] ::1 /czkadmin/index.php/Home/Imageprocess/dishIdentify.html
INFO: [ app_init ] --START--
INFO: Run Behavior\BuildLiteBehavior [ RunTime:0.000050s ]
INFO: [ app_init ] --END-- [ RunTime:0.001516s ]
INFO: [ app_begin ] --START--
INFO: Run Behavior\ReadHtmlCacheBehavior [ RunTime:0.000574s ]
INFO: [ app_begin ] --END-- [ RunTime:0.000715s ]
NOTIC: [2] file_get_contents(example.jpg): failed to open stream: No such file or directory /Applications/MAMP/htdocs/czkadmin/Application/Home/Controller/ImageprocessController.class.php 第 21 行.
NOTIC: [2] file_get_contents(/Applications/MAMP/htdocs/czkadmin/ThinkPHP/Library/Vendor/baiduApi/lib/ee7956f2ed4270f1d5b7d00d4a273a93): failed to open stream: No such file or directory /Applications/MAMP/htdocs/czkadmin/ThinkPHP/Library/Vendor/baiduApi/lib/AipBase.php 第 272 行.
NOTIC: [2] file_get_contents(/Applications/MAMP/htdocs/czkadmin/ThinkPHP/Library/Vendor/baiduApi/lib/ee7956f2ed4270f1d5b7d00d4a273a93): failed to open stream: No such file or directory /Applications/MAMP/htdocs/czkadmin/ThinkPHP/Library/Vendor/baiduApi/lib/AipBase.php 第 272 行.
INFO: [ view_parse ] --START--
INFO: [ template_filter ] --START--
INFO: Run Behavior\ContentReplaceBehavior [ RunTime:0.000156s ]
INFO: [ template_filter ] --END-- [ RunTime:0.000230s ]
INFO: Run Behavior\ParseTemplateBehavior [ RunTime:0.022415s ]
INFO: [ view_parse ] --END-- [ RunTime:0.022533s ]
INFO: [ view_filter ] --START--
INFO: Run Behavior\WriteHtmlCacheBehavior [ RunTime:0.000183s ]
INFO: [ view_filter ] --END-- [ RunTime:0.000231s ]
INFO: [ app_end ] --START--
INFO: Run Behavior\ShowPageTraceBehavior [ RunTime:0.000706s ]
INFO: [ app_end ] --END-- [ RunTime:0.000788s ]

[ 2018-04-04T16:12:01+08:00 ] ::1 /czkadmin/index.php/Home/Imageprocess/dishIdentify.html
INFO: [ app_init ] --START--
INFO: Run Behavior\BuildLiteBehavior [ RunTime:0.000016s ]
INFO: [ app_init ] --END-- [ RunTime:0.000638s ]
INFO: [ app_begin ] --START--
INFO: Run Behavior\ReadHtmlCacheBehavior [ RunTime:0.000543s ]
INFO: [ app_begin ] --END-- [ RunTime:0.000619s ]
NOTIC: [2] file_get_contents(example.jpg): failed to open stream: No such file or directory /Applications/MAMP/htdocs/czkadmin/Application/Home/Controller/ImageprocessController.class.php 第 21 行.
NOTIC: [2] file_get_contents(/Applications/MAMP/htdocs/czkadmin/ThinkPHP/Library/Vendor/baiduApi/lib/ee7956f2ed4270f1d5b7d00d4a273a93): failed to open stream: No such file or directory /Applications/MAMP/htdocs/czkadmin/ThinkPHP/Library/Vendor/baiduApi/lib/AipBase.php 第 272 行.
NOTIC: [2] file_get_contents(/Applications/MAMP/htdocs/czkadmin/ThinkPHP/Library/Vendor/baiduApi/lib/ee7956f2ed4270f1d5b7d00d4a273a93): failed to open stream: No such file or directory /Applications/MAMP/htdocs/czkadmin/ThinkPHP/Library/Vendor/baiduApi/lib/AipBase.php 第 272 行.
INFO: [ view_parse ] --START--
INFO: [ template_filter ] --START--
INFO: Run Behavior\ContentReplaceBehavior [ RunTime:0.000153s ]
INFO: [ template_filter ] --END-- [ RunTime:0.000240s ]
INFO: Run Behavior\ParseTemplateBehavior [ RunTime:0.025584s ]
INFO: [ view_parse ] --END-- [ RunTime:0.025757s ]
INFO: [ view_filter ] --START--
INFO: Run Behavior\WriteHtmlCacheBehavior [ RunTime:0.000187s ]
INFO: [ view_filter ] --END-- [ RunTime:0.000244s ]
INFO: [ app_end ] --START--
INFO: Run Behavior\ShowPageTraceBehavior [ RunTime:0.000809s ]
INFO: [ app_end ] --END-- [ RunTime:0.000891s ]

[ 2018-04-04T16:14:42+08:00 ] ::1 /czkadmin/
INFO: [ app_init ] --START--
INFO: Run Behavior\BuildLiteBehavior [ RunTime:0.000026s ]
INFO: [ app_init ] --END-- [ RunTime:0.002282s ]
INFO: [ app_begin ] --START--
INFO: Run Behavior\ReadHtmlCacheBehavior [ RunTime:0.002317s ]
INFO: [ app_begin ] --END-- [ RunTime:0.002454s ]
INFO: [ view_parse ] --START--
INFO: [ template_filter ] --START--
INFO: Run Behavior\ContentReplaceBehavior [ RunTime:0.000176s ]
INFO: [ template_filter ] --END-- [ RunTime:0.000263s ]
INFO: Run Behavior\ParseTemplateBehavior [ RunTime:0.034562s ]
INFO: [ view_parse ] --END-- [ RunTime:0.034683s ]
INFO: [ view_filter ] --START--
INFO: Run Behavior\WriteHtmlCacheBehavior [ RunTime:0.001323s ]
INFO: [ view_filter ] --END-- [ RunTime:0.001416s ]
INFO: [ app_end ] --START--
INFO: Run Behavior\ShowPageTraceBehavior [ RunTime:0.002619s ]
INFO: [ app_end ] --END-- [ RunTime:0.002726s ]

[ 2018-04-04T16:14:44+08:00 ] ::1 /czkadmin/index.php/Home/Imageprocess/index.html
INFO: [ app_init ] --START--
INFO: Run Behavior\BuildLiteBehavior [ RunTime:0.000014s ]
INFO: [ app_init ] --END-- [ RunTime:0.000318s ]
INFO: [ app_begin ] --START--
INFO: Run Behavior\ReadHtmlCacheBehavior [ RunTime:0.000555s ]
INFO: [ app_begin ] --END-- [ RunTime:0.000764s ]
INFO: [ view_parse ] --START--
INFO: [ template_filter ] --START--
INFO: Run Behavior\ContentReplaceBehavior [ RunTime:0.000078s ]
INFO: [ template_filter ] --END-- [ RunTime:0.000172s ]
INFO: Run Behavior\ParseTemplateBehavior [ RunTime:0.017062s ]
INFO: [ view_parse ] --END-- [ RunTime:0.017136s ]
INFO: [ view_filter ] --START--
INFO: Run Behavior\WriteHtmlCacheBehavior [ RunTime:0.000164s ]
INFO: [ view_filter ] --END-- [ RunTime:0.000221s ]
INFO: [ app_end ] --START--
INFO: Run Behavior\ShowPageTraceBehavior [ RunTime:0.000691s ]
INFO: [ app_end ] --END-- [ RunTime:0.000780s ]

[ 2018-04-04T16:14:44+08:00 ] ::1 /czkadmin/index.php/Home/Imageprocess/dishIdentify.html
INFO: [ app_init ] --START--
INFO: Run Behavior\BuildLiteBehavior [ RunTime:0.000014s ]
INFO: [ app_init ] --END-- [ RunTime:0.000341s ]
INFO: [ app_begin ] --START--
INFO: Run Behavior\ReadHtmlCacheBehavior [ RunTime:0.000477s ]
INFO: [ app_begin ] --END-- [ RunTime:0.000557s ]

[ 2018-04-04T16:14:50+08:00 ] ::1 /czkadmin/index.php/Home/Imageprocess/dishIdentify.html
INFO: [ app_init ] --START--
INFO: Run Behavior\BuildLiteBehavior [ RunTime:0.000021s ]
INFO: [ app_init ] --END-- [ RunTime:0.000410s ]
INFO: [ app_begin ] --START--
INFO: Run Behavior\ReadHtmlCacheBehavior [ RunTime:0.000691s ]
INFO: [ app_begin ] --END-- [ RunTime:0.000814s ]
NOTIC: [2] file_get_contents(example.jpg): failed to open stream: No such file or directory /Applications/MAMP/htdocs/czkadmin/Application/Home/Controller/ImageprocessController.class.php 第 21 行.
NOTIC: [2] file_get_contents(/Applications/MAMP/htdocs/czkadmin/ThinkPHP/Library/Vendor/baiduApi/lib/ee7956f2ed4270f1d5b7d00d4a273a93): failed to open stream: No such file or directory /Applications/MAMP/htdocs/czkadmin/ThinkPHP/Library/Vendor/baiduApi/lib/AipBase.php 第 272 行.
NOTIC: [2] file_get_contents(/Applications/MAMP/htdocs/czkadmin/ThinkPHP/Library/Vendor/baiduApi/lib/ee7956f2ed4270f1d5b7d00d4a273a93): failed to open stream: No such file or directory /Applications/MAMP/htdocs/czkadmin/ThinkPHP/Library/Vendor/baiduApi/lib/AipBase.php 第 272 行.
INFO: [ view_parse ] --START--
INFO: [ template_filter ] --START--
INFO: Run Behavior\ContentReplaceBehavior [ RunTime:0.000173s ]
INFO: [ template_filter ] --END-- [ RunTime:0.000287s ]
INFO: Run Behavior\ParseTemplateBehavior [ RunTime:0.018540s ]
INFO: [ view_parse ] --END-- [ RunTime:0.018638s ]
INFO: [ view_filter ] --START--
INFO: Run Behavior\WriteHtmlCacheBehavior [ RunTime:0.000276s ]
INFO: [ view_filter ] --END-- [ RunTime:0.000396s ]
INFO: [ app_end ] --START--
INFO: Run Behavior\ShowPageTraceBehavior [ RunTime:0.000660s ]
INFO: [ app_end ] --END-- [ RunTime:0.000744s ]

[ 2018-04-04T16:16:25+08:00 ] ::1 /czkadmin/index.php/Home/Imageprocess/dishIdentify.html
INFO: [ app_init ] --START--
INFO: Run Behavior\BuildLiteBehavior [ RunTime:0.000028s ]
INFO: [ app_init ] --END-- [ RunTime:0.002012s ]
INFO: [ app_begin ] --START--
INFO: Run Behavior\ReadHtmlCacheBehavior [ RunTime:0.002146s ]
INFO: [ app_begin ] --END-- [ RunTime:0.002258s ]
NOTIC: [2] file_get_contents(example.jpg): failed to open stream: No such file or directory /Applications/MAMP/htdocs/czkadmin/Application/Home/Controller/ImageprocessController.class.php 第 21 行.
NOTIC: [2] file_get_contents(/Applications/MAMP/htdocs/czkadmin/ThinkPHP/Library/Vendor/baiduApi/lib/ee7956f2ed4270f1d5b7d00d4a273a93): failed to open stream: No such file or directory /Applications/MAMP/htdocs/czkadmin/ThinkPHP/Library/Vendor/baiduApi/lib/AipBase.php 第 272 行.
NOTIC: [2] file_get_contents(/Applications/MAMP/htdocs/czkadmin/ThinkPHP/Library/Vendor/baiduApi/lib/ee7956f2ed4270f1d5b7d00d4a273a93): failed to open stream: No such file or directory /Applications/MAMP/htdocs/czkadmin/ThinkPHP/Library/Vendor/baiduApi/lib/AipBase.php 第 272 行.

[ 2018-04-04T16:16:36+08:00 ] ::1 /czkadmin/index.php/Home/Imageprocess/dishIdentify.html
INFO: [ app_init ] --START--
INFO: Run Behavior\BuildLiteBehavior [ RunTime:0.000014s ]
INFO: [ app_init ] --END-- [ RunTime:0.000457s ]
INFO: [ app_begin ] --START--
INFO: Run Behavior\ReadHtmlCacheBehavior [ RunTime:0.000616s ]
INFO: [ app_begin ] --END-- [ RunTime:0.000693s ]
NOTIC: [2] file_get_contents(example.jpg): failed to open stream: No such file or directory /Applications/MAMP/htdocs/czkadmin/Application/Home/Controller/ImageprocessController.class.php 第 21 行.
NOTIC: [2] file_get_contents(/Applications/MAMP/htdocs/czkadmin/ThinkPHP/Library/Vendor/baiduApi/lib/ee7956f2ed4270f1d5b7d00d4a273a93): failed to open stream: No such file or directory /Applications/MAMP/htdocs/czkadmin/ThinkPHP/Library/Vendor/baiduApi/lib/AipBase.php 第 272 行.
NOTIC: [2] file_get_contents(/Applications/MAMP/htdocs/czkadmin/ThinkPHP/Library/Vendor/baiduApi/lib/ee7956f2ed4270f1d5b7d00d4a273a93): failed to open stream: No such file or directory /Applications/MAMP/htdocs/czkadmin/ThinkPHP/Library/Vendor/baiduApi/lib/AipBase.php 第 272 行.

[ 2018-04-04T16:17:05+08:00 ] ::1 /czkadmin/index.php/Home/Imageprocess/dishIdentify.html
INFO: [ app_init ] --START--
INFO: Run Behavior\BuildLiteBehavior [ RunTime:0.000029s ]
INFO: [ app_init ] --END-- [ RunTime:0.001118s ]
INFO: [ app_begin ] --START--
INFO: Run Behavior\ReadHtmlCacheBehavior [ RunTime:0.000562s ]
INFO: [ app_begin ] --END-- [ RunTime:0.000632s ]
NOTIC: [2] file_get_contents(example.jpg): failed to open stream: No such file or directory /Applications/MAMP/htdocs/czkadmin/Application/Home/Controller/ImageprocessController.class.php 第 21 行.

[ 2018-04-04T16:21:40+08:00 ] ::1 /czkadmin/index.php/Home/Imageprocess/dishIdentify.html
INFO: [ app_init ] --START--
INFO: Run Behavior\BuildLiteBehavior [ RunTime:0.000022s ]
INFO: [ app_init ] --END-- [ RunTime:0.001809s ]
INFO: [ app_begin ] --START--
INFO: Run Behavior\ReadHtmlCacheBehavior [ RunTime:0.002049s ]
INFO: [ app_begin ] --END-- [ RunTime:0.002169s ]
NOTIC: [2] file_get_contents(example.jpg): failed to open stream: No such file or directory /Applications/MAMP/htdocs/czkadmin/Application/Home/Controller/ImageprocessController.class.php 第 22 行.

[ 2018-04-04T16:21:58+08:00 ] ::1 /czkadmin/index.php/Home/Imageprocess/dishIdentify.html
INFO: [ app_init ] --START--
INFO: Run Behavior\BuildLiteBehavior [ RunTime:0.000014s ]
INFO: [ app_init ] --END-- [ RunTime:0.000478s ]
INFO: [ app_begin ] --START--
INFO: Run Behavior\ReadHtmlCacheBehavior [ RunTime:0.000577s ]
INFO: [ app_begin ] --END-- [ RunTime:0.000655s ]
NOTIC: [2] file_get_contents(example.jpg): failed to open stream: No such file or directory /Applications/MAMP/htdocs/czkadmin/Application/Home/Controller/ImageprocessController.class.php 第 22 行.
NOTIC: [2] file_get_contents(/Applications/MAMP/htdocs/czkadmin/ThinkPHP/Library/Vendor/baiduApi/lib/ee7956f2ed4270f1d5b7d00d4a273a93): failed to open stream: No such file or directory /Applications/MAMP/htdocs/czkadmin/ThinkPHP/Library/Vendor/baiduApi/lib/AipBase.php 第 272 行.
NOTIC: [2] file_get_contents(/Applications/MAMP/htdocs/czkadmin/ThinkPHP/Library/Vendor/baiduApi/lib/ee7956f2ed4270f1d5b7d00d4a273a93): failed to open stream: No such file or directory /Applications/MAMP/htdocs/czkadmin/ThinkPHP/Library/Vendor/baiduApi/lib/AipBase.php 第 272 行.
INFO: [ view_parse ] --START--
INFO: [ template_filter ] --START--
INFO: Run Behavior\ContentReplaceBehavior [ RunTime:0.000144s ]
INFO: [ template_filter ] --END-- [ RunTime:0.000216s ]
INFO: Run Behavior\ParseTemplateBehavior [ RunTime:0.025413s ]
INFO: [ view_parse ] --END-- [ RunTime:0.025539s ]
INFO: [ view_filter ] --START--
INFO: Run Behavior\WriteHtmlCacheBehavior [ RunTime:0.001800s ]
INFO: [ view_filter ] --END-- [ RunTime:0.001881s ]
INFO: [ app_end ] --START--
INFO: Run Behavior\ShowPageTraceBehavior [ RunTime:0.001777s ]
INFO: [ app_end ] --END-- [ RunTime:0.001877s ]

[ 2018-04-04T16:22:13+08:00 ] ::1 /czkadmin/index.php/Home/Imageprocess/dishIdentify.html
INFO: [ app_init ] --START--
INFO: Run Behavior\BuildLiteBehavior [ RunTime:0.000015s ]
INFO: [ app_init ] --END-- [ RunTime:0.000508s ]
INFO: [ app_begin ] --START--
INFO: Run Behavior\ReadHtmlCacheBehavior [ RunTime:0.000622s ]
INFO: [ app_begin ] --END-- [ RunTime:0.000706s ]
NOTIC: [2] file_get_contents(example.jpg): failed to open stream: No such file or directory /Applications/MAMP/htdocs/czkadmin/Application/Home/Controller/ImageprocessController.class.php 第 22 行.
NOTIC: [2] file_get_contents(/Applications/MAMP/htdocs/czkadmin/ThinkPHP/Library/Vendor/baiduApi/lib/ee7956f2ed4270f1d5b7d00d4a273a93): failed to open stream: No such file or directory /Applications/MAMP/htdocs/czkadmin/ThinkPHP/Library/Vendor/baiduApi/lib/AipBase.php 第 272 行.
NOTIC: [2] file_get_contents(/Applications/MAMP/htdocs/czkadmin/ThinkPHP/Library/Vendor/baiduApi/lib/ee7956f2ed4270f1d5b7d00d4a273a93): failed to open stream: No such file or directory /Applications/MAMP/htdocs/czkadmin/ThinkPHP/Library/Vendor/baiduApi/lib/AipBase.php 第 272 行.

[ 2018-04-04T16:30:21+08:00 ] ::1 /czkadmin/
INFO: [ app_init ] --START--
INFO: Run Behavior\BuildLiteBehavior [ RunTime:0.000052s ]
INFO: [ app_init ] --END-- [ RunTime:0.002432s ]
INFO: [ app_begin ] --START--
INFO: Run Behavior\ReadHtmlCacheBehavior [ RunTime:0.001956s ]
INFO: [ app_begin ] --END-- [ RunTime:0.002080s ]
INFO: [ view_parse ] --START--
INFO: [ template_filter ] --START--
INFO: Run Behavior\ContentReplaceBehavior [ RunTime:0.000331s ]
INFO: [ template_filter ] --END-- [ RunTime:0.000600s ]
INFO: Run Behavior\ParseTemplateBehavior [ RunTime:0.047092s ]
INFO: [ view_parse ] --END-- [ RunTime:0.047218s ]
INFO: [ view_filter ] --START--
INFO: Run Behavior\WriteHtmlCacheBehavior [ RunTime:0.001506s ]
INFO: [ view_filter ] --END-- [ RunTime:0.001633s ]
INFO: [ app_end ] --START--
INFO: Run Behavior\ShowPageTraceBehavior [ RunTime:0.002626s ]
INFO: [ app_end ] --END-- [ RunTime:0.002803s ]

[ 2018-04-04T16:30:23+08:00 ] ::1 /czkadmin/index.php/Home/Imageprocess/index.html
INFO: [ app_init ] --START--
INFO: Run Behavior\BuildLiteBehavior [ RunTime:0.000024s ]
INFO: [ app_init ] --END-- [ RunTime:0.000573s ]
INFO: [ app_begin ] --START--
INFO: Run Behavior\ReadHtmlCacheBehavior [ RunTime:0.000413s ]
INFO: [ app_begin ] --END-- [ RunTime:0.000467s ]
INFO: [ view_parse ] --START--
INFO: [ template_filter ] --START--
INFO: Run Behavior\ContentReplaceBehavior [ RunTime:0.000058s ]
INFO: [ template_filter ] --END-- [ RunTime:0.000128s ]
INFO: Run Behavior\ParseTemplateBehavior [ RunTime:0.018467s ]
INFO: [ view_parse ] --END-- [ RunTime:0.018537s ]
INFO: [ view_filter ] --START--
INFO: Run Behavior\WriteHtmlCacheBehavior [ RunTime:0.000150s ]
INFO: [ view_filter ] --END-- [ RunTime:0.000267s ]
INFO: [ app_end ] --START--
INFO: Run Behavior\ShowPageTraceBehavior [ RunTime:0.000827s ]
INFO: [ app_end ] --END-- [ RunTime:0.000923s ]

[ 2018-04-04T16:30:32+08:00 ] ::1 /czkadmin/index.php/Home/Imageprocess/index.html
INFO: [ app_init ] --START--
INFO: Run Behavior\BuildLiteBehavior [ RunTime:0.000015s ]
INFO: [ app_init ] --END-- [ RunTime:0.000489s ]
INFO: [ app_begin ] --START--
INFO: Run Behavior\ReadHtmlCacheBehavior [ RunTime:0.000658s ]
INFO: [ app_begin ] --END-- [ RunTime:0.000739s ]
INFO: [ view_parse ] --START--
INFO: [ template_filter ] --START--
INFO: Run Behavior\ContentReplaceBehavior [ RunTime:0.000231s ]
INFO: [ template_filter ] --END-- [ RunTime:0.000330s ]
INFO: Run Behavior\ParseTemplateBehavior [ RunTime:0.018897s ]
INFO: [ view_parse ] --END-- [ RunTime:0.018989s ]
INFO: [ view_filter ] --START--
INFO: Run Behavior\WriteHtmlCacheBehavior [ RunTime:0.000245s ]
INFO: [ view_filter ] --END-- [ RunTime:0.000313s ]
INFO: [ app_end ] --START--
INFO: Run Behavior\ShowPageTraceBehavior [ RunTime:0.000935s ]
INFO: [ app_end ] --END-- [ RunTime:0.001032s ]

[ 2018-04-04T16:30:35+08:00 ] ::1 /czkadmin/index.php/Home/Imageprocess/dishIdentify.html
INFO: [ app_init ] --START--
INFO: Run Behavior\BuildLiteBehavior [ RunTime:0.000024s ]
INFO: [ app_init ] --END-- [ RunTime:0.000561s ]
INFO: [ app_begin ] --START--
INFO: Run Behavior\ReadHtmlCacheBehavior [ RunTime:0.000572s ]
INFO: [ app_begin ] --END-- [ RunTime:0.000650s ]
NOTIC: [2] file_get_contents(example.jpg): failed to open stream: No such file or directory /Applications/MAMP/htdocs/czkadmin/Application/Home/Controller/ImageprocessController.class.php 第 21 行.
NOTIC: [2] file_get_contents(/Applications/MAMP/htdocs/czkadmin/ThinkPHP/Library/Vendor/baiduApi/lib/ee7956f2ed4270f1d5b7d00d4a273a93): failed to open stream: No such file or directory /Applications/MAMP/htdocs/czkadmin/ThinkPHP/Library/Vendor/baiduApi/lib/AipBase.php 第 272 行.
NOTIC: [2] file_get_contents(/Applications/MAMP/htdocs/czkadmin/ThinkPHP/Library/Vendor/baiduApi/lib/ee7956f2ed4270f1d5b7d00d4a273a93): failed to open stream: No such file or directory /Applications/MAMP/htdocs/czkadmin/ThinkPHP/Library/Vendor/baiduApi/lib/AipBase.php 第 272 行.

[ 2018-04-04T16:31:36+08:00 ] ::1 /czkadmin/index.php/Home/Imageprocess/dishIdentify.html
INFO: [ app_init ] --START--
INFO: Run Behavior\BuildLiteBehavior [ RunTime:0.000013s ]
INFO: [ app_init ] --END-- [ RunTime:0.000311s ]
INFO: [ app_begin ] --START--
INFO: Run Behavior\ReadHtmlCacheBehavior [ RunTime:0.000560s ]
INFO: [ app_begin ] --END-- [ RunTime:0.000631s ]
NOTIC: [2] file_get_contents(__PUBLIC__/img/caipin.jpg): failed to open stream: No such file or directory /Applications/MAMP/htdocs/czkadmin/Application/Home/Controller/ImageprocessController.class.php 第 21 行.
NOTIC: [2] file_get_contents(/Applications/MAMP/htdocs/czkadmin/ThinkPHP/Library/Vendor/baiduApi/lib/ee7956f2ed4270f1d5b7d00d4a273a93): failed to open stream: No such file or directory /Applications/MAMP/htdocs/czkadmin/ThinkPHP/Library/Vendor/baiduApi/lib/AipBase.php 第 272 行.
NOTIC: [2] file_get_contents(/Applications/MAMP/htdocs/czkadmin/ThinkPHP/Library/Vendor/baiduApi/lib/ee7956f2ed4270f1d5b7d00d4a273a93): failed to open stream: No such file or directory /Applications/MAMP/htdocs/czkadmin/ThinkPHP/Library/Vendor/baiduApi/lib/AipBase.php 第 272 行.

[ 2018-04-04T16:31:49+08:00 ] ::1 /czkadmin/index.php/Home/Imageprocess/dishIdentify.html
INFO: [ app_init ] --START--
INFO: Run Behavior\BuildLiteBehavior [ RunTime:0.000017s ]
INFO: [ app_init ] --END-- [ RunTime:0.000522s ]
INFO: [ app_begin ] --START--
INFO: Run Behavior\ReadHtmlCacheBehavior [ RunTime:0.000582s ]
INFO: [ app_begin ] --END-- [ RunTime:0.000659s ]
NOTIC: [2] file_get_contents(__PUBLIC__/img/caipin.jpg): failed to open stream: No such file or directory /Applications/MAMP/htdocs/czkadmin/Application/Home/Controller/ImageprocessController.class.php 第 21 行.

[ 2018-04-04T16:32:29+08:00 ] ::1 /czkadmin/index.php/Home/Imageprocess/dishIdentify.html
INFO: [ app_init ] --START--
INFO: Run Behavior\BuildLiteBehavior [ RunTime:0.000015s ]
INFO: [ app_init ] --END-- [ RunTime:0.000338s ]
INFO: [ app_begin ] --START--
INFO: Run Behavior\ReadHtmlCacheBehavior [ RunTime:0.000760s ]
INFO: [ app_begin ] --END-- [ RunTime:0.000828s ]
NOTIC: [2] file_get_contents(__PUBLIC__/img/caipin.jpg): failed to open stream: No such file or directory /Applications/MAMP/htdocs/czkadmin/Application/Home/Controller/ImageprocessController.class.php 第 21 行.

[ 2018-04-04T16:33:10+08:00 ] ::1 /czkadmin/index.php/Home/Imageprocess/dishIdentify.html
INFO: [ app_init ] --START--
INFO: Run Behavior\BuildLiteBehavior [ RunTime:0.000024s ]
INFO: [ app_init ] --END-- [ RunTime:0.002008s ]
INFO: [ app_begin ] --START--
INFO: Run Behavior\ReadHtmlCacheBehavior [ RunTime:0.001955s ]
INFO: [ app_begin ] --END-- [ RunTime:0.002082s ]
NOTIC: [2] file_get_contents(__PUBLIC__/img/caipin.jpg): failed to open stream: No such file or directory /Applications/MAMP/htdocs/czkadmin/Application/Home/Controller/ImageprocessController.class.php 第 21 行.
NOTIC: [8] Use of undefined constant __PUBLIC__ - assumed '__PUBLIC__' /Applications/MAMP/htdocs/czkadmin/Application/Home/Controller/ImageprocessController.class.php 第 22 行.

[ 2018-04-04T16:34:05+08:00 ] ::1 /czkadmin/index.php/Home/Imageprocess/dishIdentify.html
INFO: [ app_init ] --START--
INFO: Run Behavior\BuildLiteBehavior [ RunTime:0.000030s ]
INFO: [ app_init ] --END-- [ RunTime:0.002032s ]
INFO: [ app_begin ] --START--
INFO: Run Behavior\ReadHtmlCacheBehavior [ RunTime:0.002045s ]
INFO: [ app_begin ] --END-- [ RunTime:0.002197s ]
NOTIC: [2] file_get_contents(__PUBLIC__/img/caipin.jpg): failed to open stream: No such file or directory /Applications/MAMP/htdocs/czkadmin/Application/Home/Controller/ImageprocessController.class.php 第 21 行.

[ 2018-04-04T16:34:37+08:00 ] ::1 /czkadmin/index.php/Home/Imageprocess/dishIdentify.html
INFO: [ app_init ] --START--
INFO: Run Behavior\BuildLiteBehavior [ RunTime:0.000033s ]
INFO: [ app_init ] --END-- [ RunTime:0.001992s ]
INFO: [ app_begin ] --START--
INFO: Run Behavior\ReadHtmlCacheBehavior [ RunTime:0.002169s ]
INFO: [ app_begin ] --END-- [ RunTime:0.002312s ]
NOTIC: [2] file_get_contents(__PUBLIC__/img/caipin.jpg): failed to open stream: No such file or directory /Applications/MAMP/htdocs/czkadmin/Application/Home/Controller/ImageprocessController.class.php 第 21 行.
NOTIC: [8] Use of undefined constant __URL__ - assumed '__URL__' /Applications/MAMP/htdocs/czkadmin/Application/Home/Controller/ImageprocessController.class.php 第 22 行.

[ 2018-04-04T16:34:40+08:00 ] ::1 /czkadmin/index.php/Home/Imageprocess/dishIdentify.html
INFO: [ app_init ] --START--
INFO: Run Behavior\BuildLiteBehavior [ RunTime:0.000013s ]
INFO: [ app_init ] --END-- [ RunTime:0.000304s ]
INFO: [ app_begin ] --START--
INFO: Run Behavior\ReadHtmlCacheBehavior [ RunTime:0.000401s ]
INFO: [ app_begin ] --END-- [ RunTime:0.000458s ]
NOTIC: [2] file_get_contents(__PUBLIC__/img/caipin.jpg): failed to open stream: No such file or directory /Applications/MAMP/htdocs/czkadmin/Application/Home/Controller/ImageprocessController.class.php 第 21 行.
NOTIC: [8] Use of undefined constant __URL__ - assumed '__URL__' /Applications/MAMP/htdocs/czkadmin/Application/Home/Controller/ImageprocessController.class.php 第 22 行.

[ 2018-04-04T16:35:58+08:00 ] ::1 /czkadmin/index.php/Home/Imageprocess/dishIdentify.html
INFO: [ app_init ] --START--
INFO: Run Behavior\BuildLiteBehavior [ RunTime:0.000031s ]
INFO: [ app_init ] --END-- [ RunTime:0.001107s ]
INFO: [ app_begin ] --START--
INFO: Run Behavior\ReadHtmlCacheBehavior [ RunTime:0.002135s ]
INFO: [ app_begin ] --END-- [ RunTime:0.002248s ]

[ 2018-04-04T16:36:05+08:00 ] ::1 /czkadmin/index.php/Home/Imageprocess/dishIdentify.html
INFO: [ app_init ] --START--
INFO: Run Behavior\BuildLiteBehavior [ RunTime:0.000029s ]
INFO: [ app_init ] --END-- [ RunTime:0.000554s ]
INFO: [ app_begin ] --START--
INFO: Run Behavior\ReadHtmlCacheBehavior [ RunTime:0.000552s ]
INFO: [ app_begin ] --END-- [ RunTime:0.000624s ]
NOTIC: [2] file_get_contents(/Applications/MAMP/htdocs/czkadmin/ThinkPHP/Library/Vendor/baiduApi/lib/ee7956f2ed4270f1d5b7d00d4a273a93): failed to open stream: No such file or directory /Applications/MAMP/htdocs/czkadmin/ThinkPHP/Library/Vendor/baiduApi/lib/AipBase.php 第 272 行.

[ 2018-04-04T16:50:34+08:00 ] ::1 /czkadmin/index.php/Home/Imageprocess/dishIdentify.html
INFO: [ app_init ] --START--
INFO: Run Behavior\BuildLiteBehavior [ RunTime:0.000033s ]
INFO: [ app_init ] --END-- [ RunTime:0.001995s ]
INFO: [ app_begin ] --START--
INFO: Run Behavior\ReadHtmlCacheBehavior [ RunTime:0.002407s ]
INFO: [ app_begin ] --END-- [ RunTime:0.002561s ]
ERR: 非法操作:dishIdentify

[ 2018-04-04T16:50:48+08:00 ] ::1 /czkadmin/index.php/Home/Imageprocess/dishIdentify.html
INFO: [ app_init ] --START--
INFO: Run Behavior\BuildLiteBehavior [ RunTime:0.000123s ]
INFO: [ app_init ] --END-- [ RunTime:0.001386s ]
INFO: [ app_begin ] --START--
INFO: Run Behavior\ReadHtmlCacheBehavior [ RunTime:0.000615s ]
INFO: [ app_begin ] --END-- [ RunTime:0.000702s ]
ERR: 非法操作:dishIdentify

[ 2018-04-04T16:51:40+08:00 ] ::1 /czkadmin/index.php/Home/Imageprocess/dishIdentify.html
INFO: [ app_init ] --START--
INFO: Run Behavior\BuildLiteBehavior [ RunTime:0.000020s ]
INFO: [ app_init ] --END-- [ RunTime:0.000653s ]
INFO: [ app_begin ] --START--
INFO: Run Behavior\ReadHtmlCacheBehavior [ RunTime:0.000914s ]
INFO: [ app_begin ] --END-- [ RunTime:0.001027s ]
ERR: 非法操作:dishIdentify

[ 2018-04-04T16:51:43+08:00 ] ::1 /czkadmin/index.php/Home/Imageprocess/index.html
INFO: [ app_init ] --START--
INFO: Run Behavior\BuildLiteBehavior [ RunTime:0.000014s ]
INFO: [ app_init ] --END-- [ RunTime:0.000309s ]
INFO: [ app_begin ] --START--
INFO: Run Behavior\ReadHtmlCacheBehavior [ RunTime:0.000564s ]
INFO: [ app_begin ] --END-- [ RunTime:0.000619s ]
INFO: [ view_parse ] --START--
INFO: [ template_filter ] --START--
INFO: Run Behavior\ContentReplaceBehavior [ RunTime:0.000451s ]
INFO: [ template_filter ] --END-- [ RunTime:0.000592s ]
INFO: Run Behavior\ParseTemplateBehavior [ RunTime:0.036556s ]
INFO: [ view_parse ] --END-- [ RunTime:0.036682s ]
INFO: [ view_filter ] --START--
INFO: Run Behavior\WriteHtmlCacheBehavior [ RunTime:0.000646s ]
INFO: [ view_filter ] --END-- [ RunTime:0.000758s ]
INFO: [ app_end ] --START--
INFO: Run Behavior\ShowPageTraceBehavior [ RunTime:0.002500s ]
INFO: [ app_end ] --END-- [ RunTime:0.002797s ]

[ 2018-04-04T16:51:47+08:00 ] ::1 /czkadmin/index.php/Home/Imageprocess/dish.html
INFO: [ app_init ] --START--
INFO: Run Behavior\BuildLiteBehavior [ RunTime:0.000014s ]
INFO: [ app_init ] --END-- [ RunTime:0.000310s ]
INFO: [ app_begin ] --START--
INFO: Run Behavior\ReadHtmlCacheBehavior [ RunTime:0.000402s ]
INFO: [ app_begin ] --END-- [ RunTime:0.000453s ]

[ 2018-04-04T16:56:48+08:00 ] ::1 /czkadmin/index.php/Home/Imageprocess/index.html
INFO: [ app_init ] --START--
INFO: Run Behavior\BuildLiteBehavior [ RunTime:0.000024s ]
INFO: [ app_init ] --END-- [ RunTime:0.001962s ]
INFO: [ app_begin ] --START--
INFO: Run Behavior\ReadHtmlCacheBehavior [ RunTime:0.001850s ]
INFO: [ app_begin ] --END-- [ RunTime:0.001977s ]
INFO: [ view_parse ] --START--
INFO: [ template_filter ] --START--
INFO: Run Behavior\ContentReplaceBehavior [ RunTime:0.000306s ]
INFO: [ template_filter ] --END-- [ RunTime:0.000449s ]
INFO: Run Behavior\ParseTemplateBehavior [ RunTime:0.026709s ]
INFO: [ view_parse ] --END-- [ RunTime:0.026918s ]
INFO: [ view_filter ] --START--
INFO: Run Behavior\WriteHtmlCacheBehavior [ RunTime:0.001577s ]
INFO: [ view_filter ] --END-- [ RunTime:0.001667s ]
INFO: [ app_end ] --START--
INFO: Run Behavior\ShowPageTraceBehavior [ RunTime:0.002173s ]
INFO: [ app_end ] --END-- [ RunTime:0.002269s ]

[ 2018-04-04T16:56:49+08:00 ] ::1 /czkadmin/index.php/Home/Imageprocess/dishdetect.html
INFO: [ app_init ] --START--
INFO: Run Behavior\BuildLiteBehavior [ RunTime:0.000016s ]
INFO: [ app_init ] --END-- [ RunTime:0.000543s ]
INFO: [ app_begin ] --START--
INFO: Run Behavior\ReadHtmlCacheBehavior [ RunTime:0.000409s ]
INFO: [ app_begin ] --END-- [ RunTime:0.000461s ]
INFO: [ view_parse ] --START--
INFO: [ template_filter ] --START--
INFO: Run Behavior\ContentReplaceBehavior [ RunTime:0.000077s ]
INFO: [ template_filter ] --END-- [ RunTime:0.000170s ]
INFO: Run Behavior\ParseTemplateBehavior [ RunTime:0.016634s ]
INFO: [ view_parse ] --END-- [ RunTime:0.016691s ]
INFO: [ view_filter ] --START--
INFO: Run Behavior\WriteHtmlCacheBehavior [ RunTime:0.000148s ]
INFO: [ view_filter ] --END-- [ RunTime:0.000190s ]
INFO: [ app_end ] --START--
INFO: Run Behavior\ShowPageTraceBehavior [ RunTime:0.000668s ]
INFO: [ app_end ] --END-- [ RunTime:0.000780s ]

[ 2018-04-04T17:01:14+08:00 ] ::1 /czkadmin/index.php/Home/Imageprocess/index.html
INFO: [ app_init ] --START--
INFO: Run Behavior\BuildLiteBehavior [ RunTime:0.000029s ]
INFO: [ app_init ] --END-- [ RunTime:0.002482s ]
INFO: [ app_begin ] --START--
INFO: Run Behavior\ReadHtmlCacheBehavior [ RunTime:0.002189s ]
INFO: [ app_begin ] --END-- [ RunTime:0.002304s ]
INFO: [ view_parse ] --START--
INFO: [ template_filter ] --START--
INFO: Run Behavior\ContentReplaceBehavior [ RunTime:0.000240s ]
INFO: [ template_filter ] --END-- [ RunTime:0.000458s ]
INFO: Run Behavior\ParseTemplateBehavior [ RunTime:0.025277s ]
INFO: [ view_parse ] --END-- [ RunTime:0.025372s ]
INFO: [ view_filter ] --START--
INFO: Run Behavior\WriteHtmlCacheBehavior [ RunTime:0.000962s ]
INFO: [ view_filter ] --END-- [ RunTime:0.001165s ]
INFO: [ app_end ] --START--
INFO: Run Behavior\ShowPageTraceBehavior [ RunTime:0.002933s ]
INFO: [ app_end ] --END-- [ RunTime:0.003080s ]

[ 2018-04-04T17:01:16+08:00 ] ::1 /czkadmin/index.php/Home/Imageprocess/dishdetect.html
INFO: [ app_init ] --START--
INFO: Run Behavior\BuildLiteBehavior [ RunTime:0.000029s ]
INFO: [ app_init ] --END-- [ RunTime:0.000676s ]
INFO: [ app_begin ] --START--
INFO: Run Behavior\ReadHtmlCacheBehavior [ RunTime:0.000709s ]
INFO: [ app_begin ] --END-- [ RunTime:0.000805s ]
NOTIC: [2] file_get_contents() expects parameter 1 to be a valid path, array given /Applications/MAMP/htdocs/czkadmin/Application/Home/Controller/ImageprocessController.class.php 第 26 行.
INFO: [ view_parse ] --START--
INFO: [ template_filter ] --START--
INFO: Run Behavior\ContentReplaceBehavior [ RunTime:0.000281s ]
INFO: [ template_filter ] --END-- [ RunTime:0.000415s ]
INFO: Run Behavior\ParseTemplateBehavior [ RunTime:0.029575s ]
INFO: [ view_parse ] --END-- [ RunTime:0.029700s ]
INFO: [ view_filter ] --START--
INFO: Run Behavior\WriteHtmlCacheBehavior [ RunTime:0.000176s ]
INFO: [ view_filter ] --END-- [ RunTime:0.000223s ]
NOTIC: [2] Cannot modify header information - headers already sent by (output started at /Applications/MAMP/htdocs/czkadmin/Application/Home/Controller/ImageprocessController.class.php:34) /Applications/MAMP/htdocs/czkadmin/ThinkPHP/Library/Think/View.class.php 第 91 行.
NOTIC: [2] Cannot modify header information - headers already sent by (output started at /Applications/MAMP/htdocs/czkadmin/Application/Home/Controller/ImageprocessController.class.php:34) /Applications/MAMP/htdocs/czkadmin/ThinkPHP/Library/Think/View.class.php 第 92 行.
NOTIC: [2] Cannot modify header information - headers already sent by (output started at /Applications/MAMP/htdocs/czkadmin/Application/Home/Controller/ImageprocessController.class.php:34) /Applications/MAMP/htdocs/czkadmin/ThinkPHP/Library/Think/View.class.php 第 93 行.
INFO: [ app_end ] --START--
INFO: Run Behavior\ShowPageTraceBehavior [ RunTime:0.000943s ]
INFO: [ app_end ] --END-- [ RunTime:0.001042s ]

[ 2018-04-04T17:02:03+08:00 ] ::1 /czkadmin/index.php/Home/Imageprocess/index.html
INFO: [ app_init ] --START--
INFO: Run Behavior\BuildLiteBehavior [ RunTime:0.000047s ]
INFO: [ app_init ] --END-- [ RunTime:0.002024s ]
INFO: [ app_begin ] --START--
INFO: Run Behavior\ReadHtmlCacheBehavior [ RunTime:0.001780s ]
INFO: [ app_begin ] --END-- [ RunTime:0.001901s ]
INFO: [ view_parse ] --START--
INFO: [ template_filter ] --START--
INFO: Run Behavior\ContentReplaceBehavior [ RunTime:0.000167s ]
INFO: [ template_filter ] --END-- [ RunTime:0.000243s ]
INFO: Run Behavior\ParseTemplateBehavior [ RunTime:0.023879s ]
INFO: [ view_parse ] --END-- [ RunTime:0.023955s ]
INFO: [ view_filter ] --START--
INFO: Run Behavior\WriteHtmlCacheBehavior [ RunTime:0.000872s ]
INFO: [ view_filter ] --END-- [ RunTime:0.000973s ]
INFO: [ app_end ] --START--
INFO: Run Behavior\ShowPageTraceBehavior [ RunTime:0.002037s ]
INFO: [ app_end ] --END-- [ RunTime:0.002253s ]

[ 2018-04-04T17:02:35+08:00 ] ::1 /czkadmin/index.php/Home/Imageprocess/dishdetect.html
INFO: [ app_init ] --START--
INFO: Run Behavior\BuildLiteBehavior [ RunTime:0.000023s ]
INFO: [ app_init ] --END-- [ RunTime:0.001016s ]
INFO: [ app_begin ] --START--
INFO: Run Behavior\ReadHtmlCacheBehavior [ RunTime:0.000423s ]
INFO: [ app_begin ] --END-- [ RunTime:0.000478s ]
NOTIC: [2] file_get_contents(https://timgsa.baidu.com/timg?image&amp;quality=80&amp;size=b9999_10000&amp;sec=1522842578256&amp;di=e2b82e5a7862049224e607f14eccf053&amp;imgtype=0&amp;src=http%3A%2F%2Featup.cn%2Fupload%2F201406%2F17%2Fthumb_201406170930004062.jpg): failed to open stream: HTTP request failed! HTTP/1.1 504 Gateway Time-out
 /Applications/MAMP/htdocs/czkadmin/Application/Home/Controller/ImageprocessController.class.php 第 26 行.

[ 2018-04-04T17:02:37+08:00 ] ::1 /czkadmin/index.php/Home/Imageprocess/index.html
INFO: [ app_init ] --START--
INFO: Run Behavior\BuildLiteBehavior [ RunTime:0.000024s ]
INFO: [ app_init ] --END-- [ RunTime:0.002042s ]
INFO: [ app_begin ] --START--
INFO: Run Behavior\ReadHtmlCacheBehavior [ RunTime:0.002396s ]
INFO: [ app_begin ] --END-- [ RunTime:0.002638s ]
INFO: [ view_parse ] --START--
INFO: [ template_filter ] --START--
INFO: Run Behavior\ContentReplaceBehavior [ RunTime:0.000187s ]
INFO: [ template_filter ] --END-- [ RunTime:0.000267s ]
INFO: Run Behavior\ParseTemplateBehavior [ RunTime:0.025569s ]
INFO: [ view_parse ] --END-- [ RunTime:0.025643s ]
INFO: [ view_filter ] --START--
INFO: Run Behavior\WriteHtmlCacheBehavior [ RunTime:0.000716s ]
INFO: [ view_filter ] --END-- [ RunTime:0.000792s ]
INFO: [ app_end ] --START--
INFO: Run Behavior\ShowPageTraceBehavior [ RunTime:0.002426s ]
INFO: [ app_end ] --END-- [ RunTime:0.002601s ]

[ 2018-04-04T17:03:08+08:00 ] ::1 /czkadmin/index.php/Home/Imageprocess/dishdetect.html
INFO: [ app_init ] --START--
INFO: Run Behavior\BuildLiteBehavior [ RunTime:0.000018s ]
INFO: [ app_init ] --END-- [ RunTime:0.000449s ]
INFO: [ app_begin ] --START--
INFO: Run Behavior\ReadHtmlCacheBehavior [ RunTime:0.000592s ]
INFO: [ app_begin ] --END-- [ RunTime:0.000670s ]
NOTIC: [2] file_get_contents(https://timgsa.baidu.com/timg?image&amp;quality=80&amp;size=b9999_10000&amp;sec=1522842578256&amp;di=e2b82e5a7862049224e607f14eccf053&amp;imgtype=0&amp;src=http%3A%2F%2Featup.cn%2Fupload%2F201406%2F17%2Fthumb_201406170930004062.jpg): failed to open stream: HTTP request failed! HTTP/1.1 504 Gateway Time-out
 /Applications/MAMP/htdocs/czkadmin/Application/Home/Controller/ImageprocessController.class.php 第 26 行.

[ 2018-04-04T17:03:08+08:00 ] ::1 /czkadmin/index.php/Home/Imageprocess/index.html
INFO: [ app_init ] --START--
INFO: Run Behavior\BuildLiteBehavior [ RunTime:0.000106s ]
INFO: [ app_init ] --END-- [ RunTime:0.002525s ]
INFO: [ app_begin ] --START--
INFO: Run Behavior\ReadHtmlCacheBehavior [ RunTime:0.001981s ]
INFO: [ app_begin ] --END-- [ RunTime:0.002110s ]
INFO: [ view_parse ] --START--
INFO: [ template_filter ] --START--
INFO: Run Behavior\ContentReplaceBehavior [ RunTime:0.000235s ]
INFO: [ template_filter ] --END-- [ RunTime:0.000350s ]
INFO: Run Behavior\ParseTemplateBehavior [ RunTime:0.047487s ]
INFO: [ view_parse ] --END-- [ RunTime:0.047604s ]
INFO: [ view_filter ] --START--
INFO: Run Behavior\WriteHtmlCacheBehavior [ RunTime:0.000483s ]
INFO: [ view_filter ] --END-- [ RunTime:0.000541s ]
INFO: [ app_end ] --START--
INFO: Run Behavior\ShowPageTraceBehavior [ RunTime:0.002001s ]
INFO: [ app_end ] --END-- [ RunTime:0.002114s ]

[ 2018-04-04T17:03:39+08:00 ] ::1 /czkadmin/index.php/Home/Imageprocess/dishdetect.html
INFO: [ app_init ] --START--
INFO: Run Behavior\BuildLiteBehavior [ RunTime:0.000014s ]
INFO: [ app_init ] --END-- [ RunTime:0.000308s ]
INFO: [ app_begin ] --START--
INFO: Run Behavior\ReadHtmlCacheBehavior [ RunTime:0.000395s ]
INFO: [ app_begin ] --END-- [ RunTime:0.000448s ]
NOTIC: [2] file_get_contents(https://timgsa.baidu.com/timg?image&amp;quality=80&amp;size=b9999_10000&amp;sec=1522842578256&amp;di=e2b82e5a7862049224e607f14eccf053&amp;imgtype=0&amp;src=http%3A%2F%2Featup.cn%2Fupload%2F201406%2F17%2Fthumb_201406170930004062.jpg): failed to open stream: HTTP request failed! HTTP/1.1 504 Gateway Time-out
 /Applications/MAMP/htdocs/czkadmin/Application/Home/Controller/ImageprocessController.class.php 第 26 行.

[ 2018-04-04T17:03:39+08:00 ] ::1 /czkadmin/index.php/Home/Imageprocess/index.html
INFO: [ app_init ] --START--
INFO: Run Behavior\BuildLiteBehavior [ RunTime:0.000030s ]
INFO: [ app_init ] --END-- [ RunTime:0.002052s ]
INFO: [ app_begin ] --START--
INFO: Run Behavior\ReadHtmlCacheBehavior [ RunTime:0.002524s ]
INFO: [ app_begin ] --END-- [ RunTime:0.002801s ]
INFO: [ view_parse ] --START--
INFO: [ template_filter ] --START--
INFO: Run Behavior\ContentReplaceBehavior [ RunTime:0.000362s ]
INFO: [ template_filter ] --END-- [ RunTime:0.000691s ]
INFO: Run Behavior\ParseTemplateBehavior [ RunTime:0.037005s ]
INFO: [ view_parse ] --END-- [ RunTime:0.037195s ]
INFO: [ view_filter ] --START--
INFO: Run Behavior\WriteHtmlCacheBehavior [ RunTime:0.001096s ]
INFO: [ view_filter ] --END-- [ RunTime:0.001199s ]
INFO: [ app_end ] --START--
INFO: Run Behavior\ShowPageTraceBehavior [ RunTime:0.006975s ]
INFO: [ app_end ] --END-- [ RunTime:0.007101s ]

[ 2018-04-04T17:03:41+08:00 ] ::1 /czkadmin/index.php/Home/Imageprocess/index.html
INFO: [ app_init ] --START--
INFO: Run Behavior\BuildLiteBehavior [ RunTime:0.000027s ]
INFO: [ app_init ] --END-- [ RunTime:0.002070s ]
INFO: [ app_begin ] --START--
INFO: Run Behavior\ReadHtmlCacheBehavior [ RunTime:0.002058s ]
INFO: [ app_begin ] --END-- [ RunTime:0.002162s ]
INFO: [ view_parse ] --START--
INFO: [ template_filter ] --START--
INFO: Run Behavior\ContentReplaceBehavior [ RunTime:0.000061s ]
INFO: [ template_filter ] --END-- [ RunTime:0.000133s ]
INFO: Run Behavior\ParseTemplateBehavior [ RunTime:0.016376s ]
INFO: [ view_parse ] --END-- [ RunTime:0.016449s ]
INFO: [ view_filter ] --START--
INFO: Run Behavior\WriteHtmlCacheBehavior [ RunTime:0.000156s ]
INFO: [ view_filter ] --END-- [ RunTime:0.000199s ]
INFO: [ app_end ] --START--
INFO: Run Behavior\ShowPageTraceBehavior [ RunTime:0.001008s ]
INFO: [ app_end ] --END-- [ RunTime:0.001191s ]

[ 2018-04-04T17:03:45+08:00 ] ::1 /czkadmin/index.php/Home/Imageprocess/dishdetect.html
INFO: [ app_init ] --START--
INFO: Run Behavior\BuildLiteBehavior [ RunTime:0.000016s ]
INFO: [ app_init ] --END-- [ RunTime:0.000568s ]
INFO: [ app_begin ] --START--
INFO: Run Behavior\ReadHtmlCacheBehavior [ RunTime:0.000443s ]
INFO: [ app_begin ] --END-- [ RunTime:0.000495s ]

[ 2018-04-04T17:07:59+08:00 ] ::1 /czkadmin/
INFO: [ app_init ] --START--
INFO: Run Behavior\BuildLiteBehavior [ RunTime:0.000024s ]
INFO: [ app_init ] --END-- [ RunTime:0.001994s ]
INFO: [ app_begin ] --START--
INFO: Run Behavior\ReadHtmlCacheBehavior [ RunTime:0.001948s ]
INFO: [ app_begin ] --END-- [ RunTime:0.002060s ]
INFO: [ view_parse ] --START--
INFO: [ template_filter ] --START--
INFO: Run Behavior\ContentReplaceBehavior [ RunTime:0.000076s ]
INFO: [ template_filter ] --END-- [ RunTime:0.000148s ]
INFO: Run Behavior\ParseTemplateBehavior [ RunTime:0.028959s ]
INFO: [ view_parse ] --END-- [ RunTime:0.029164s ]
INFO: [ view_filter ] --START--
INFO: Run Behavior\WriteHtmlCacheBehavior [ RunTime:0.001284s ]
INFO: [ view_filter ] --END-- [ RunTime:0.001370s ]
INFO: [ app_end ] --START--
INFO: Run Behavior\ShowPageTraceBehavior [ RunTime:0.002094s ]
INFO: [ app_end ] --END-- [ RunTime:0.002302s ]

[ 2018-04-04T17:08:02+08:00 ] ::1 /czkadmin/index.php/Home/Imageprocess/index.html
INFO: [ app_init ] --START--
INFO: Run Behavior\BuildLiteBehavior [ RunTime:0.000014s ]
INFO: [ app_init ] --END-- [ RunTime:0.000311s ]
INFO: [ app_begin ] --START--
INFO: Run Behavior\ReadHtmlCacheBehavior [ RunTime:0.000398s ]
INFO: [ app_begin ] --END-- [ RunTime:0.000450s ]
INFO: [ view_parse ] --START--
INFO: [ template_filter ] --START--
INFO: Run Behavior\ContentReplaceBehavior [ RunTime:0.000057s ]
INFO: [ template_filter ] --END-- [ RunTime:0.000127s ]
INFO: Run Behavior\ParseTemplateBehavior [ RunTime:0.017218s ]
INFO: [ view_parse ] --END-- [ RunTime:0.017292s ]
INFO: [ view_filter ] --START--
INFO: Run Behavior\WriteHtmlCacheBehavior [ RunTime:0.000159s ]
INFO: [ view_filter ] --END-- [ RunTime:0.000202s ]
INFO: [ app_end ] --START--
INFO: Run Behavior\ShowPageTraceBehavior [ RunTime:0.000686s ]
INFO: [ app_end ] --END-- [ RunTime:0.000781s ]

[ 2018-04-04T17:08:02+08:00 ] ::1 /czkadmin/index.php/Home/Imageprocess/dishdetect.html
INFO: [ app_init ] --START--
INFO: Run Behavior\BuildLiteBehavior [ RunTime:0.000042s ]
INFO: [ app_init ] --END-- [ RunTime:0.000846s ]
INFO: [ app_begin ] --START--
INFO: Run Behavior\ReadHtmlCacheBehavior [ RunTime:0.000423s ]
INFO: [ app_begin ] --END-- [ RunTime:0.000483s ]

[ 2018-04-04T17:14:19+08:00 ] ::1 /czkadmin/index.php/Home/Imageprocess/index.html
INFO: [ app_init ] --START--
INFO: Run Behavior\BuildLiteBehavior [ RunTime:0.000020s ]
INFO: [ app_init ] --END-- [ RunTime:0.000710s ]
INFO: [ app_begin ] --START--
INFO: Run Behavior\ReadHtmlCacheBehavior [ RunTime:0.002196s ]
INFO: [ app_begin ] --END-- [ RunTime:0.002432s ]
INFO: [ view_parse ] --START--
INFO: [ template_filter ] --START--
INFO: Run Behavior\ContentReplaceBehavior [ RunTime:0.000265s ]
INFO: [ template_filter ] --END-- [ RunTime:0.000368s ]
INFO: Run Behavior\ParseTemplateBehavior [ RunTime:0.027755s ]
INFO: [ view_parse ] --END-- [ RunTime:0.027859s ]
INFO: [ view_filter ] --START--
INFO: Run Behavior\WriteHtmlCacheBehavior [ RunTime:0.001575s ]
INFO: [ view_filter ] --END-- [ RunTime:0.001655s ]
INFO: [ app_end ] --START--
INFO: Run Behavior\ShowPageTraceBehavior [ RunTime:0.002300s ]
INFO: [ app_end ] --END-- [ RunTime:0.002408s ]

[ 2018-04-04T17:14:22+08:00 ] ::1 /czkadmin/index.php/Home/Imageprocess/dishdetect.html
INFO: [ app_init ] --START--
INFO: Run Behavior\BuildLiteBehavior [ RunTime:0.000026s ]
INFO: [ app_init ] --END-- [ RunTime:0.000593s ]
INFO: [ app_begin ] --START--
INFO: Run Behavior\ReadHtmlCacheBehavior [ RunTime:0.000745s ]
INFO: [ app_begin ] --END-- [ RunTime:0.000835s ]

[ 2018-04-04T17:15:26+08:00 ] ::1 /czkadmin/index.php/Home/Imageprocess/dishdetect.html
INFO: [ app_init ] --START--
INFO: Run Behavior\BuildLiteBehavior [ RunTime:0.000043s ]
INFO: [ app_init ] --END-- [ RunTime:0.002321s ]
INFO: [ app_begin ] --START--
INFO: Run Behavior\ReadHtmlCacheBehavior [ RunTime:0.001923s ]
INFO: [ app_begin ] --END-- [ RunTime:0.002025s ]

